Arguments: 
  C:\Program Files\nodejs\node.exe C:\Users\Wojtunio\AppData\Roaming\npm\node_modules\yarn\bin\yarn.js init

PATH: 
  C:\Users\Wojtunio\bin;D:\Programy\Git\mingw64\bin;D:\Programy\Git\usr\local\bin;D:\Programy\Git\usr\bin;D:\Programy\Git\usr\bin;D:\Programy\Git\mingw64\bin;D:\Programy\Git\usr\bin;C:\Users\Wojtunio\bin;C:\WINDOWS\system32;C:\WINDOWS;C:\WINDOWS\System32\Wbem;C:\WINDOWS\System32\WindowsPowerShell\v1.0;C:\WINDOWS\System32\OpenSSH;D:\Programy\Git\cmd;C:\Users\Wojtunio\AppData\Roaming\nvm;C:\Program Files\nodejs;C:\Program Files\nodejs;D:\Programy\Ruby27-x64\bin;C:\Users\Wojtunio\AppData\Local\Microsoft\WindowsApps;D:\Programy\Microsoft VS Code\bin;D:\Program Files (x86)\heroku\bin;C:\Users\Wojtunio\AppData\Roaming\nvm;C:\Program Files\nodejs;C:\Users\Wojtunio\AppData\Roaming\npm;C:\Users\Wojtunio\AppData\Local\GitHubDesktop\bin;D:\Programy\Git\usr\bin\vendor_perl;D:\Programy\Git\usr\bin\core_perl

Yarn version: 
  1.22.10

Node version: 
  14.17.0

Platform: 
  win32 x64

Trace: 
  Error: Can't answer a question unless a user TTY
      at ConsoleReporter.question (C:\Users\Wojtunio\AppData\Roaming\npm\node_modules\yarn\lib\cli.js:96361:59)
      at Object.<anonymous> (C:\Users\Wojtunio\AppData\Roaming\npm\node_modules\yarn\lib\cli.js:88636:38)
      at Generator.next (<anonymous>)
      at step (C:\Users\Wojtunio\AppData\Roaming\npm\node_modules\yarn\lib\cli.js:310:30)
      at C:\Users\Wojtunio\AppData\Roaming\npm\node_modules\yarn\lib\cli.js:321:13

npm manifest: 
  {
    "name": "BooksApi",
    "version": "1.0.0",
    "main": "index.js",
    "license": "MIT",
    "dependencies": {
      "express": "^4.17.1"
    }
  }

yarn manifest: 
  No manifest

Lockfile: 
  No lockfile
